<?xml version="1.0" encoding="UTF-8"?>
<testsuite name="users.ReqResTests" tests="1" skipped="0" failures="0" errors="0" timestamp="2023-12-30T21:56:09" hostname="DESKTOP-927O95J" time="2.23">
  <properties/>
  <testcase name="createUserTest()" classname="users.ReqResTests" time="2.23"/>
  <system-out><![CDATA[Request method:	POST
Request URI:	https://reqres.in/api/users
Proxy:			<none>
Request params:	<none>
Query params:	<none>
Form params:	<none>
Path params:	<none>
Headers:		Accept=*/*
				Content-Type=application/json
Cookies:		<none>
Multiparts:		<none>
Body:
{
    "name": "Laverne",
    "job": "Director"
}
HTTP/1.1 201 Created
Date: Sat, 30 Dec 2023 21:56:21 GMT
Content-Type: application/json; charset=utf-8
Content-Length: 85
Connection: keep-alive
Report-To: {"group":"heroku-nel","max_age":3600,"endpoints":[{"url":"https://nel.heroku.com/reports?ts=1703973381&sid=c4c9725f-1ab0-44d8-820f-430df2718e11&s=tENxEWIiUyVM9vsYGRI%2B5L1BFaK62ztpguKkCTYVe8M%3D"}]}
Reporting-Endpoints: heroku-nel=https://nel.heroku.com/reports?ts=1703973381&sid=c4c9725f-1ab0-44d8-820f-430df2718e11&s=tENxEWIiUyVM9vsYGRI%2B5L1BFaK62ztpguKkCTYVe8M%3D
Nel: {"report_to":"heroku-nel","max_age":3600,"success_fraction":0.005,"failure_fraction":0.05,"response_headers":["Via"]}
X-Powered-By: Express
Access-Control-Allow-Origin: *
Etag: W/"55-mLfXwHXvCIWYv+qTlNnu1ZZjkzg"
Via: 1.1 vegur
CF-Cache-Status: DYNAMIC
Server: cloudflare
CF-RAY: 83dd88415cc20de4-SCL

{
    "name": "Laverne",
    "job": "Director",
    "id": "594",
    "createdAt": "2023-12-30T21:56:21.684Z"
}
]]></system-out>
  <system-err><![CDATA[]]></system-err>
</testsuite>
